UnderwaterLandscape/Temp/gradleOut/unityLibrary/build/intermediates/manifest_merge_blame_file/release/manifest-merger-blame-release-report.txt
1<?xml version="1.0" encoding="utf-8"?>
2<!-- GENERATED BY UNITY. REMOVE THIS COMMENT TO PREVENT OVERWRITING WHEN EXPORTING AGAIN -->
3<manifest xmlns:android="http://schemas.android.com/apk/res/android"
4    xmlns:tools="http://schemas.android.com/tools"
5    package="com.unity3d.player"
6    android:installLocation="auto"
7    android:versionCode="1"
8    android:versionName="0.1" >
9
10    <uses-sdk
11        android:minSdkVersion="23"
11-->src/main/AndroidManifest.xml
12        android:targetSdkVersion="30" />
12-->src/main/AndroidManifest.xml
13
14    <uses-feature android:glEsVersion="0x00030000" />
14-->src/main/AndroidManifest.xml:24:3-52
14-->src/main/AndroidManifest.xml:24:17-49
15
16    <uses-permission android:name="android.permission.INTERNET" />
16-->src/main/AndroidManifest.xml:25:3-65
16-->src/main/AndroidManifest.xml:25:20-62
17    <uses-permission android:name="android.permission.RECORD_AUDIO" />
17-->src/main/AndroidManifest.xml:26:3-69
17-->src/main/AndroidManifest.xml:26:20-66
18    <uses-permission android:name="android.permission.MODIFY_AUDIO_SETTINGS" />
18-->src/main/AndroidManifest.xml:27:3-78
18-->src/main/AndroidManifest.xml:27:20-75
19
20    <uses-feature
20-->src/main/AndroidManifest.xml:28:3-87
21        android:name="android.hardware.microphone"
21-->src/main/AndroidManifest.xml:28:17-59
22        android:required="false" />
22-->src/main/AndroidManifest.xml:28:60-84
23    <uses-feature
23-->src/main/AndroidManifest.xml:29:3-88
24        android:name="android.hardware.touchscreen"
24-->src/main/AndroidManifest.xml:29:17-60
25        android:required="false" />
25-->src/main/AndroidManifest.xml:29:61-85
26    <uses-feature
26-->src/main/AndroidManifest.xml:30:3-99
27        android:name="android.hardware.touchscreen.multitouch"
27-->src/main/AndroidManifest.xml:30:17-71
28        android:required="false" />
28-->src/main/AndroidManifest.xml:30:72-96
29    <uses-feature
29-->src/main/AndroidManifest.xml:31:3-108
30        android:name="android.hardware.touchscreen.multitouch.distinct"
30-->src/main/AndroidManifest.xml:31:17-80
31        android:required="false" />
31-->src/main/AndroidManifest.xml:31:81-105
32    <uses-feature
32-->src/main/AndroidManifest.xml:32:3-111
33        android:name="android.hardware.vr.headtracking"
33-->src/main/AndroidManifest.xml:32:17-64
34        android:required="true"
34-->src/main/AndroidManifest.xml:32:85-108
35        android:version="1" />
35-->src/main/AndroidManifest.xml:32:65-84
36
37    <application
37-->src/main/AndroidManifest.xml:4:3-23:17
38        android:allowBackup="false"
38-->src/main/AndroidManifest.xml:4:81-108
39        android:icon="@mipmap/app_icon"
39-->src/main/AndroidManifest.xml:4:49-80
40        android:label="@string/app_name"
40-->src/main/AndroidManifest.xml:4:16-48
41        android:networkSecurityConfig="@xml/network_sec_config" >
41-->src/main/AndroidManifest.xml:4:109-164
42        <activity
42-->src/main/AndroidManifest.xml:5:5-14:16
43            android:name="com.unity3d.player.UnityPlayerActivity"
43-->src/main/AndroidManifest.xml:5:15-68
44            android:configChanges="keyboard|keyboardHidden|navigation|orientation|screenLayout|screenSize|uiMode"
44-->src/main/AndroidManifest.xml:5:204-305
45            android:hardwareAccelerated="false"
45-->src/main/AndroidManifest.xml:5:341-376
46            android:launchMode="singleTask"
46-->src/main/AndroidManifest.xml:5:172-203
47            android:resizeableActivity="false"
47-->src/main/AndroidManifest.xml:5:306-340
48            android:screenOrientation="landscape"
48-->src/main/AndroidManifest.xml:5:134-171
49            android:theme="@android:style/Theme.Black.NoTitleBar.Fullscreen" >
49-->src/main/AndroidManifest.xml:5:69-133
50            <intent-filter>
50-->src/main/AndroidManifest.xml:6:7-10:23
51                <action android:name="android.intent.action.MAIN" />
51-->src/main/AndroidManifest.xml:7:9-61
51-->src/main/AndroidManifest.xml:7:17-58
52
53                <category android:name="android.intent.category.LAUNCHER" />
53-->src/main/AndroidManifest.xml:8:9-69
53-->src/main/AndroidManifest.xml:8:19-66
54                <category android:name="com.oculus.intent.category.VR" />
54-->src/main/AndroidManifest.xml:9:9-66
54-->src/main/AndroidManifest.xml:9:19-63
55            </intent-filter>
56
57            <meta-data
57-->src/main/AndroidManifest.xml:11:7-82
58                android:name="unityplayer.UnityActivity"
58-->src/main/AndroidManifest.xml:11:18-58
59                android:value="true" />
59-->src/main/AndroidManifest.xml:11:59-79
60            <meta-data
60-->src/main/AndroidManifest.xml:12:7-78
61                android:name="android.notch_support"
61-->src/main/AndroidManifest.xml:12:18-54
62                android:value="true" />
62-->src/main/AndroidManifest.xml:12:55-75
63            <meta-data
63-->src/main/AndroidManifest.xml:13:7-81
64                android:name="com.oculus.vr.focusaware"
64-->src/main/AndroidManifest.xml:13:18-57
65                android:value="true" />
65-->src/main/AndroidManifest.xml:13:58-78
66        </activity>
67
68        <meta-data
68-->src/main/AndroidManifest.xml:15:5-69
69            android:name="unity.splash-mode"
69-->src/main/AndroidManifest.xml:15:16-48
70            android:value="0" />
70-->src/main/AndroidManifest.xml:15:49-66
71        <meta-data
71-->src/main/AndroidManifest.xml:16:5-74
72            android:name="unity.splash-enable"
72-->src/main/AndroidManifest.xml:16:16-50
73            android:value="True" />
73-->src/main/AndroidManifest.xml:16:51-71
74        <meta-data
74-->src/main/AndroidManifest.xml:17:5-84
75            android:name="unity.allow-resizable-window"
75-->src/main/AndroidManifest.xml:17:16-59
76            android:value="False" />
76-->src/main/AndroidManifest.xml:17:60-81
77        <meta-data
77-->src/main/AndroidManifest.xml:18:5-81
78            android:name="notch.config"
78-->src/main/AndroidManifest.xml:18:16-43
79            android:value="portrait|landscape" />
79-->src/main/AndroidManifest.xml:18:44-78
80        <meta-data
80-->src/main/AndroidManifest.xml:19:5-101
81            android:name="unity.build-id"
81-->src/main/AndroidManifest.xml:19:16-45
82            android:value="9bbb24ca-c975-45cc-b897-ce91de3cbac1" />
82-->src/main/AndroidManifest.xml:19:46-98
83        <meta-data
83-->src/main/AndroidManifest.xml:20:5-97
84            android:name="com.samsung.android.vr.application.mode"
84-->src/main/AndroidManifest.xml:20:16-70
85            android:value="vr_only" />
85-->src/main/AndroidManifest.xml:20:71-94
86        <meta-data
86-->src/main/AndroidManifest.xml:21:5-91
87            android:name="com.unity.xr.oculus.LowOverheadMode"
87-->src/main/AndroidManifest.xml:21:16-66
88            android:value="false" />
88-->src/main/AndroidManifest.xml:21:67-88
89        <meta-data
89-->src/main/AndroidManifest.xml:22:5-90
90            android:name="com.oculus.supportedDevices"
90-->src/main/AndroidManifest.xml:22:16-58
91            android:value="quest|quest2" />
91-->src/main/AndroidManifest.xml:22:59-87
92    </application>
93
94</manifest>